<?xml version="1.0" encoding="UTF-8"?>
<testsuite name="MaximumTest" tests="6" skipped="0" failures="0" errors="0" timestamp="2021-06-03T16:57:15" hostname="PRAVEEN-TQ9EU8H" time="0.003">
  <properties/>
  <testcase name="float1" classname="MaximumTest" time="0.002"/>
  <testcase name="float2" classname="MaximumTest" time="0.0"/>
  <testcase name="float3" classname="MaximumTest" time="0.0"/>
  <testcase name="integer1" classname="MaximumTest" time="0.0"/>
  <testcase name="integer2" classname="MaximumTest" time="0.0"/>
  <testcase name="integer3" classname="MaximumTest" time="0.0"/>
  <system-out><![CDATA[]]></system-out>
  <system-err><![CDATA[]]></system-err>
</testsuite>
